<?xml version="1.0" encoding="UTF-8"?>
<!-- Generated by org.testng.reporters.JUnitReportReporter -->
<testsuite skipped="0" hostname="WIN-GEDESCREUP8" name="Test.Selenium_Jenkins_Integration" tests="1" failures="0" timestamp="22 Feb 2018 00:23:26 GMT" time="8.752" errors="0">
  <testcase name="test" time="8.752" classname="Test.Selenium_Jenkins_Integration"/>
</testsuite> <!-- Test.Selenium_Jenkins_Integration -->
