<?xml version="1.0" encoding="UTF-8"?>
<!-- Generated by org.testng.reporters.JUnitReportReporter -->
<testsuite skipped="0" hostname="WIN-GEDESCREUP8" name="Test.Selenium_Jenkins_Integration" tests="1" failures="0" timestamp="21 Feb 2018 21:43:58 GMT" time="9.013" errors="0">
  <testcase name="test" time="9.013" classname="Test.Selenium_Jenkins_Integration"/>
</testsuite> <!-- Test.Selenium_Jenkins_Integration -->
